# JRE version: OpenJDK Runtime Environment Temurin-17.0.4.1+1 (17.0.4.1+1) (build 17.0.4.1+1)
# Java VM: OpenJDK 64-Bit Server VM Temurin-17.0.4.1+1 (17.0.4.1+1, mixed mode, tiered, compressed oops, compressed class ptrs, parallel gc, windows-amd64)
GC Precious Log:
 CPUs: 6 total, 6 available
 Memory: 12271M
 Large Page Support: Disabled
 NUMA Support: Disabled
 Compressed Oops: Enabled (32-bit)
 Alignments: Space 512K, Generation 512K, Heap 2M
 Heap Min Capacity: 100M
 Heap Initial Capacity: 100M
 Heap Max Capacity: 1G
 Pre-touch: Disabled
 Parallel Workers: 6
Heap:
 PSYoungGen      total 13824K, used 13809K [0x00000000eab00000, 0x00000000ec000000, 0x0000000100000000)
  eden space 11776K, 100% used [0x00000000eab00000,0x00000000eb680000,0x00000000eb680000)
  from space 2048K, 99% used [0x00000000eb680000,0x00000000eb87c760,0x00000000eb880000)
  to   space 4096K, 54% used [0x00000000ebc00000,0x00000000ebe2b748,0x00000000ec000000)
 ParOldGen       total 699392K, used 140164K [0x00000000c0000000, 0x00000000eab00000, 0x00000000eab00000)
  object space 699392K, 20% used [0x00000000c0000000,0x00000000c88e11e0,0x00000000eab00000)
 Metaspace       used 52884K, committed 53888K, reserved 1097728K
  class space    used 5642K, committed 6080K, reserved 1048576K
GC Heap History (20 events):
Event: 10.612 GC heap after
{Heap after GC invocations=59 (full 5):
 PSYoungGen      total 14336K, used 2538K [0x00000000eab00000, 0x00000000ebc80000, 0x0000000100000000)
  eden space 11776K, 0% used [0x00000000eab00000,0x00000000eab00000,0x00000000eb680000)
  from space 2560K, 99% used [0x00000000eb680000,0x00000000eb8fa998,0x00000000eb900000)
  to   space 3072K, 0% used [0x00000000eb980000,0x00000000eb980000,0x00000000ebc80000)
 ParOldGen       total 155648K, used 122352K [0x00000000c0000000, 0x00000000c9800000, 0x00000000eab00000)
  object space 155648K, 78% used [0x00000000c0000000,0x00000000c777c288,0x00000000c9800000)
 Metaspace       used 51989K, committed 52928K, reserved 1097728K
  class space    used 5578K, committed 6016K, reserved 1048576K
}
Event: 10.661 GC heap before
{Heap before GC invocations=60 (full 5):
 PSYoungGen      total 14336K, used 14314K [0x00000000eab00000, 0x00000000ebc80000, 0x0000000100000000)
  eden space 11776K, 100% used [0x00000000eab00000,0x00000000eb680000,0x00000000eb680000)
  from space 2560K, 99% used [0x00000000eb680000,0x00000000eb8fa998,0x00000000eb900000)
  to   space 3072K, 0% used [0x00000000eb980000,0x00000000eb980000,0x00000000ebc80000)
 ParOldGen       total 155648K, used 122352K [0x00000000c0000000, 0x00000000c9800000, 0x00000000eab00000)
  object space 155648K, 78% used [0x00000000c0000000,0x00000000c777c288,0x00000000c9800000)
 Metaspace       used 52060K, committed 52992K, reserved 1097728K
  class space    used 5585K, committed 6016K, reserved 1048576K
}
Event: 10.666 GC heap after
{Heap after GC invocations=60 (full 5):
 PSYoungGen      total 14336K, used 2498K [0x00000000eab00000, 0x00000000ebc00000, 0x0000000100000000)
  eden space 11776K, 0% used [0x00000000eab00000,0x00000000eab00000,0x00000000eb680000)
  from space 2560K, 97% used [0x00000000eb980000,0x00000000ebbf0a98,0x00000000ebc00000)
  to   space 2560K, 0% used [0x00000000eb680000,0x00000000eb680000,0x00000000eb900000)
 ParOldGen       total 155648K, used 124889K [0x00000000c0000000, 0x00000000c9800000, 0x00000000eab00000)
  object space 155648K, 80% used [0x00000000c0000000,0x00000000c79f6748,0x00000000c9800000)
 Metaspace       used 52060K, committed 52992K, reserved 1097728K
  class space    used 5585K, committed 6016K, reserved 1048576K
}
Event: 10.714 GC heap before
{Heap before GC invocations=61 (full 5):
 PSYoungGen      total 14336K, used 14274K [0x00000000eab00000, 0x00000000ebc00000, 0x0000000100000000)
  eden space 11776K, 100% used [0x00000000eab00000,0x00000000eb680000,0x00000000eb680000)
  from space 2560K, 97% used [0x00000000eb980000,0x00000000ebbf0a98,0x00000000ebc00000)
  to   space 2560K, 0% used [0x00000000eb680000,0x00000000eb680000,0x00000000eb900000)
 ParOldGen       total 155648K, used 124889K [0x00000000c0000000, 0x00000000c9800000, 0x00000000eab00000)
  object space 155648K, 80% used [0x00000000c0000000,0x00000000c79f6748,0x00000000c9800000)
 Metaspace       used 52205K, committed 53120K, reserved 1097728K
  class space    used 5595K, committed 6016K, reserved 1048576K
}
Event: 10.719 GC heap after
{Heap after GC invocations=61 (full 5):
 PSYoungGen      total 14336K, used 2431K [0x00000000eab00000, 0x00000000ebb80000, 0x0000000100000000)
  eden space 11776K, 0% used [0x00000000eab00000,0x00000000eab00000,0x00000000eb680000)
  from space 2560K, 94% used [0x00000000eb680000,0x00000000eb8dff58,0x00000000eb900000)
  to   space 2560K, 0% used [0x00000000eb900000,0x00000000eb900000,0x00000000ebb80000)
 ParOldGen       total 155648K, used 127291K [0x00000000c0000000, 0x00000000c9800000, 0x00000000eab00000)
  object space 155648K, 81% used [0x00000000c0000000,0x00000000c7c4ed60,0x00000000c9800000)
 Metaspace       used 52205K, committed 53120K, reserved 1097728K
  class space    used 5595K, committed 6016K, reserved 1048576K
}
Event: 10.769 GC heap before
{Heap before GC invocations=62 (full 5):
 PSYoungGen      total 14336K, used 14207K [0x00000000eab00000, 0x00000000ebb80000, 0x0000000100000000)
  eden space 11776K, 100% used [0x00000000eab00000,0x00000000eb680000,0x00000000eb680000)
  from space 2560K, 94% used [0x00000000eb680000,0x00000000eb8dff58,0x00000000eb900000)
  to   space 2560K, 0% used [0x00000000eb900000,0x00000000eb900000,0x00000000ebb80000)
 ParOldGen       total 155648K, used 127291K [0x00000000c0000000, 0x00000000c9800000, 0x00000000eab00000)
  object space 155648K, 81% used [0x00000000c0000000,0x00000000c7c4ed60,0x00000000c9800000)
 Metaspace       used 52416K, committed 53312K, reserved 1097728K
  class space    used 5609K, committed 6016K, reserved 1048576K
}
Event: 10.775 GC heap after
{Heap after GC invocations=62 (full 5):
 PSYoungGen      total 11264K, used 2532K [0x00000000eab00000, 0x00000000ec180000, 0x0000000100000000)
  eden space 8704K, 0% used [0x00000000eab00000,0x00000000eab00000,0x00000000eb380000)
  from space 2560K, 98% used [0x00000000eb900000,0x00000000ebb791d8,0x00000000ebb80000)
  to   space 5632K, 0% used [0x00000000eb380000,0x00000000eb380000,0x00000000eb900000)
 ParOldGen       total 155648K, used 129759K [0x00000000c0000000, 0x00000000c9800000, 0x00000000eab00000)
  object space 155648K, 83% used [0x00000000c0000000,0x00000000c7eb7c80,0x00000000c9800000)
 Metaspace       used 52416K, committed 53312K, reserved 1097728K
  class space    used 5609K, committed 6016K, reserved 1048576K
}
Event: 10.812 GC heap before
{Heap before GC invocations=63 (full 5):
 PSYoungGen      total 11264K, used 11236K [0x00000000eab00000, 0x00000000ec180000, 0x0000000100000000)
  eden space 8704K, 100% used [0x00000000eab00000,0x00000000eb380000,0x00000000eb380000)
  from space 2560K, 98% used [0x00000000eb900000,0x00000000ebb791d8,0x00000000ebb80000)
  to   space 5632K, 0% used [0x00000000eb380000,0x00000000eb380000,0x00000000eb900000)
 ParOldGen       total 155648K, used 129759K [0x00000000c0000000, 0x00000000c9800000, 0x00000000eab00000)
  object space 155648K, 83% used [0x00000000c0000000,0x00000000c7eb7c80,0x00000000c9800000)
 Metaspace       used 52602K, committed 53632K, reserved 1097728K
  class space    used 5626K, committed 6080K, reserved 1048576K
}
Event: 10.817 GC heap after
{Heap after GC invocations=63 (full 5):
 PSYoungGen      total 10752K, used 1920K [0x00000000eab00000, 0x00000000ebb00000, 0x0000000100000000)
  eden space 8704K, 0% used [0x00000000eab00000,0x00000000eab00000,0x00000000eb380000)
  from space 2048K, 93% used [0x00000000eb380000,0x00000000eb5603f8,0x00000000eb580000)
  to   space 3072K, 0% used [0x00000000eb800000,0x00000000eb800000,0x00000000ebb00000)
 ParOldGen       total 155648K, used 132304K [0x00000000c0000000, 0x00000000c9800000, 0x00000000eab00000)
  object space 155648K, 85% used [0x00000000c0000000,0x00000000c8134340,0x00000000c9800000)
 Metaspace       used 52602K, committed 53632K, reserved 1097728K
  class space    used 5626K, committed 6080K, reserved 1048576K
}
Event: 10.855 GC heap before
{Heap before GC invocations=64 (full 5):
 PSYoungGen      total 10752K, used 10493K [0x00000000eab00000, 0x00000000ebb00000, 0x0000000100000000)
  eden space 8704K, 98% used [0x00000000eab00000,0x00000000eb35f240,0x00000000eb380000)
  from space 2048K, 93% used [0x00000000eb380000,0x00000000eb5603f8,0x00000000eb580000)
  to   space 3072K, 0% used [0x00000000eb800000,0x00000000eb800000,0x00000000ebb00000)
 ParOldGen       total 155648K, used 132304K [0x00000000c0000000, 0x00000000c9800000, 0x00000000eab00000)
  object space 155648K, 85% used [0x00000000c0000000,0x00000000c8134340,0x00000000c9800000)
 Metaspace       used 52848K, committed 53824K, reserved 1097728K
  class space    used 5642K, committed 6080K, reserved 1048576K
}
Event: 10.860 GC heap after
{Heap after GC invocations=64 (full 5):
 PSYoungGen      total 12288K, used 1890K [0x00000000eab00000, 0x00000000eba00000, 0x0000000100000000)
  eden space 10240K, 0% used [0x00000000eab00000,0x00000000eab00000,0x00000000eb500000)
  from space 2048K, 92% used [0x00000000eb800000,0x00000000eb9d8890,0x00000000eba00000)
  to   space 2560K, 0% used [0x00000000eb500000,0x00000000eb500000,0x00000000eb780000)
 ParOldGen       total 155648K, used 134094K [0x00000000c0000000, 0x00000000c9800000, 0x00000000eab00000)
  object space 155648K, 86% used [0x00000000c0000000,0x00000000c82f3830,0x00000000c9800000)
 Metaspace       used 52848K, committed 53824K, reserved 1097728K
  class space    used 5642K, committed 6080K, reserved 1048576K
}
Event: 10.884 GC heap before
{Heap before GC invocations=65 (full 5):
 PSYoungGen      total 12288K, used 12130K [0x00000000eab00000, 0x00000000eba00000, 0x0000000100000000)
  eden space 10240K, 100% used [0x00000000eab00000,0x00000000eb500000,0x00000000eb500000)
  from space 2048K, 92% used [0x00000000eb800000,0x00000000eb9d8890,0x00000000eba00000)
  to   space 2560K, 0% used [0x00000000eb500000,0x00000000eb500000,0x00000000eb780000)
 ParOldGen       total 155648K, used 134094K [0x00000000c0000000, 0x00000000c9800000, 0x00000000eab00000)
  object space 155648K, 86% used [0x00000000c0000000,0x00000000c82f3830,0x00000000c9800000)
 Metaspace       used 52858K, committed 53888K, reserved 1097728K
  class space    used 5642K, committed 6080K, reserved 1048576K
}
Event: 10.887 GC heap after
{Heap after GC invocations=65 (full 5):
 PSYoungGen      total 12800K, used 1992K [0x00000000eab00000, 0x00000000eba80000, 0x0000000100000000)
  eden space 10240K, 0% used [0x00000000eab00000,0x00000000eab00000,0x00000000eb500000)
  from space 2560K, 77% used [0x00000000eb500000,0x00000000eb6f2360,0x00000000eb780000)
  to   space 2048K, 0% used [0x00000000eb880000,0x00000000eb880000,0x00000000eba80000)
 ParOldGen       total 155648K, used 136075K [0x00000000c0000000, 0x00000000c9800000, 0x00000000eab00000)
  object space 155648K, 87% used [0x00000000c0000000,0x00000000c84e2cd8,0x00000000c9800000)
 Metaspace       used 52858K, committed 53888K, reserved 1097728K
  class space    used 5642K, committed 6080K, reserved 1048576K
}
Event: 10.912 GC heap before
{Heap before GC invocations=66 (full 5):
 PSYoungGen      total 12800K, used 12232K [0x00000000eab00000, 0x00000000eba80000, 0x0000000100000000)
  eden space 10240K, 100% used [0x00000000eab00000,0x00000000eb500000,0x00000000eb500000)
  from space 2560K, 77% used [0x00000000eb500000,0x00000000eb6f2360,0x00000000eb780000)
  to   space 2048K, 0% used [0x00000000eb880000,0x00000000eb880000,0x00000000eba80000)
 ParOldGen       total 155648K, used 136075K [0x00000000c0000000, 0x00000000c9800000, 0x00000000eab00000)
  object space 155648K, 87% used [0x00000000c0000000,0x00000000c84e2cd8,0x00000000c9800000)
 Metaspace       used 52872K, committed 53888K, reserved 1097728K
  class space    used 5642K, committed 6080K, reserved 1048576K
}
Event: 10.916 GC heap after
{Heap after GC invocations=66 (full 5):
 PSYoungGen      total 13824K, used 1966K [0x00000000eab00000, 0x00000000eba80000, 0x0000000100000000)
  eden space 11776K, 0% used [0x00000000eab00000,0x00000000eab00000,0x00000000eb680000)
  from space 2048K, 96% used [0x00000000eb880000,0x00000000eba6bab0,0x00000000eba80000)
  to   space 2048K, 0% used [0x00000000eb680000,0x00000000eb680000,0x00000000eb880000)
 ParOldGen       total 155648K, used 137398K [0x00000000c0000000, 0x00000000c9800000, 0x00000000eab00000)
  object space 155648K, 88% used [0x00000000c0000000,0x00000000c862db70,0x00000000c9800000)
 Metaspace       used 52872K, committed 53888K, reserved 1097728K
  class space    used 5642K, committed 6080K, reserved 1048576K
}
Event: 10.955 GC heap before
{Heap before GC invocations=67 (full 5):
 PSYoungGen      total 13824K, used 13742K [0x00000000eab00000, 0x00000000eba80000, 0x0000000100000000)
  eden space 11776K, 100% used [0x00000000eab00000,0x00000000eb680000,0x00000000eb680000)
  from space 2048K, 96% used [0x00000000eb880000,0x00000000eba6bab0,0x00000000eba80000)
  to   space 2048K, 0% used [0x00000000eb680000,0x00000000eb680000,0x00000000eb880000)
 ParOldGen       total 155648K, used 137398K [0x00000000c0000000, 0x00000000c9800000, 0x00000000eab00000)
  object space 155648K, 88% used [0x00000000c0000000,0x00000000c862db70,0x00000000c9800000)
 Metaspace       used 52878K, committed 53888K, reserved 1097728K
  class space    used 5642K, committed 6080K, reserved 1048576K
}
Event: 10.959 GC heap after
{Heap after GC invocations=67 (full 5):
 PSYoungGen      total 13824K, used 2033K [0x00000000eab00000, 0x00000000ec000000, 0x0000000100000000)
  eden space 11776K, 0% used [0x00000000eab00000,0x00000000eab00000,0x00000000eb680000)
  from space 2048K, 99% used [0x00000000eb680000,0x00000000eb87c760,0x00000000eb880000)
  to   space 4096K, 0% used [0x00000000ebc00000,0x00000000ebc00000,0x00000000ec000000)
 ParOldGen       total 155648K, used 138969K [0x00000000c0000000, 0x00000000c9800000, 0x00000000eab00000)
  object space 155648K, 89% used [0x00000000c0000000,0x00000000c87b64c0,0x00000000c9800000)
 Metaspace       used 52878K, committed 53888K, reserved 1097728K
  class space    used 5642K, committed 6080K, reserved 1048576K
}
Event: 10.994 GC heap before
{Heap before GC invocations=68 (full 5):
 PSYoungGen      total 13824K, used 13809K [0x00000000eab00000, 0x00000000ec000000, 0x0000000100000000)
  eden space 11776K, 100% used [0x00000000eab00000,0x00000000eb680000,0x00000000eb680000)
  from space 2048K, 99% used [0x00000000eb680000,0x00000000eb87c760,0x00000000eb880000)
  to   space 4096K, 0% used [0x00000000ebc00000,0x00000000ebc00000,0x00000000ec000000)
 ParOldGen       total 155648K, used 138969K [0x00000000c0000000, 0x00000000c9800000, 0x00000000eab00000)
  object space 155648K, 89% used [0x00000000c0000000,0x00000000c87b64c0,0x00000000c9800000)
 Metaspace       used 52884K, committed 53888K, reserved 1097728K
  class space    used 5642K, committed 6080K, reserved 1048576K
}
Event: 11.004 GC heap after
{Heap after GC invocations=68 (full 5):
 PSYoungGen      total 13824K, used 13809K [0x00000000eab00000, 0x00000000ec000000, 0x0000000100000000)
  eden space 11776K, 100% used [0x00000000eab00000,0x00000000eb680000,0x00000000eb680000)
  from space 2048K, 99% used [0x00000000eb680000,0x00000000eb87c760,0x00000000eb880000)
  to   space 4096K, 54% used [0x00000000ebc00000,0x00000000ebe2b748,0x00000000ec000000)
 ParOldGen       total 699392K, used 140164K [0x00000000c0000000, 0x00000000eab00000, 0x00000000eab00000)
  object space 699392K, 20% used [0x00000000c0000000,0x00000000c88e11e0,0x00000000eab00000)
 Metaspace       used 52884K, committed 53888K, reserved 1097728K
  class space    used 5642K, committed 6080K, reserved 1048576K
}
Event: 11.004 GC heap before
{Heap before GC invocations=69 (full 6):
 PSYoungGen      total 13824K, used 13809K [0x00000000eab00000, 0x00000000ec000000, 0x0000000100000000)
  eden space 11776K, 100% used [0x00000000eab00000,0x00000000eb680000,0x00000000eb680000)
  from space 2048K, 99% used [0x00000000eb680000,0x00000000eb87c760,0x00000000eb880000)
  to   space 4096K, 54% used [0x00000000ebc00000,0x00000000ebe2b748,0x00000000ec000000)
 ParOldGen       total 699392K, used 140164K [0x00000000c0000000, 0x00000000eab00000, 0x00000000eab00000)
  object space 699392K, 20% used [0x00000000c0000000,0x00000000c88e11e0,0x00000000eab00000)
 Metaspace       used 52884K, committed 53888K, reserved 1097728K
  class space    used 5642K, committed 6080K, reserved 1048576K
}

