# JRE version: OpenJDK Runtime Environment Temurin-17.0.4.1+1 (17.0.4.1+1) (build 17.0.4.1+1)
# Java VM: OpenJDK 64-Bit Server VM Temurin-17.0.4.1+1 (17.0.4.1+1, mixed mode, tiered, compressed oops, compressed class ptrs, parallel gc, windows-amd64)
GC Precious Log:
 CPUs: 6 total, 6 available
 Memory: 12271M
 Large Page Support: Disabled
 NUMA Support: Disabled
 Compressed Oops: Enabled (32-bit)
 Alignments: Space 512K, Generation 512K, Heap 2M
 Heap Min Capacity: 100M
 Heap Initial Capacity: 100M
 Heap Max Capacity: 1G
 Pre-touch: Disabled
 Parallel Workers: 6
Heap:
 PSYoungGen      total 10240K, used 6311K [0x00000000eab00000, 0x00000000eb880000, 0x0000000100000000)
  eden space 8192K, 55% used [0x00000000eab00000,0x00000000eaf78818,0x00000000eb300000)
  from space 2048K, 84% used [0x00000000eb300000,0x00000000eb4b1658,0x00000000eb500000)
  to   space 2048K, 0% used [0x00000000eb680000,0x00000000eb680000,0x00000000eb880000)
 ParOldGen       total 148992K, used 133376K [0x00000000c0000000, 0x00000000c9180000, 0x00000000eab00000)
  object space 148992K, 89% used [0x00000000c0000000,0x00000000c8240288,0x00000000c9180000)
 Metaspace       used 51191K, committed 52096K, reserved 1097728K
  class space    used 5503K, committed 5888K, reserved 1048576K
GC Heap History (20 events):
Event: 14.246 GC heap before
{Heap before GC invocations=76 (full 5):
 PSYoungGen      total 7168K, used 6993K [0x00000000eab00000, 0x00000000eb380000, 0x0000000100000000)
  eden space 5632K, 99% used [0x00000000eab00000,0x00000000eb07f7d0,0x00000000eb080000)
  from space 1536K, 88% used [0x00000000eb080000,0x00000000eb1d4ee8,0x00000000eb200000)
  to   space 1536K, 0% used [0x00000000eb200000,0x00000000eb200000,0x00000000eb380000)
 ParOldGen       total 148992K, used 116980K [0x00000000c0000000, 0x00000000c9180000, 0x00000000eab00000)
  object space 148992K, 78% used [0x00000000c0000000,0x00000000c723d108,0x00000000c9180000)
 Metaspace       used 49516K, committed 50496K, reserved 1097728K
  class space    used 5325K, committed 5760K, reserved 1048576K
}
Event: 14.250 GC heap after
{Heap after GC invocations=76 (full 5):
 PSYoungGen      total 7168K, used 1257K [0x00000000eab00000, 0x00000000eb480000, 0x0000000100000000)
  eden space 5632K, 0% used [0x00000000eab00000,0x00000000eab00000,0x00000000eb080000)
  from space 1536K, 81% used [0x00000000eb200000,0x00000000eb33a690,0x00000000eb380000)
  to   space 1536K, 0% used [0x00000000eb080000,0x00000000eb080000,0x00000000eb200000)
 ParOldGen       total 148992K, used 118217K [0x00000000c0000000, 0x00000000c9180000, 0x00000000eab00000)
  object space 148992K, 79% used [0x00000000c0000000,0x00000000c7372490,0x00000000c9180000)
 Metaspace       used 49516K, committed 50496K, reserved 1097728K
  class space    used 5325K, committed 5760K, reserved 1048576K
}
Event: 14.270 GC heap before
{Heap before GC invocations=77 (full 5):
 PSYoungGen      total 7168K, used 6889K [0x00000000eab00000, 0x00000000eb480000, 0x0000000100000000)
  eden space 5632K, 100% used [0x00000000eab00000,0x00000000eb080000,0x00000000eb080000)
  from space 1536K, 81% used [0x00000000eb200000,0x00000000eb33a690,0x00000000eb380000)
  to   space 1536K, 0% used [0x00000000eb080000,0x00000000eb080000,0x00000000eb200000)
 ParOldGen       total 148992K, used 118217K [0x00000000c0000000, 0x00000000c9180000, 0x00000000eab00000)
  object space 148992K, 79% used [0x00000000c0000000,0x00000000c7372490,0x00000000c9180000)
 Metaspace       used 49765K, committed 50688K, reserved 1097728K
  class space    used 5345K, committed 5760K, reserved 1048576K
}
Event: 14.274 GC heap after
{Heap after GC invocations=77 (full 5):
 PSYoungGen      total 7168K, used 1036K [0x00000000eab00000, 0x00000000eb480000, 0x0000000100000000)
  eden space 5632K, 0% used [0x00000000eab00000,0x00000000eab00000,0x00000000eb080000)
  from space 1536K, 67% used [0x00000000eb080000,0x00000000eb183248,0x00000000eb200000)
  to   space 1536K, 0% used [0x00000000eb300000,0x00000000eb300000,0x00000000eb480000)
 ParOldGen       total 148992K, used 118996K [0x00000000c0000000, 0x00000000c9180000, 0x00000000eab00000)
  object space 148992K, 79% used [0x00000000c0000000,0x00000000c74351b0,0x00000000c9180000)
 Metaspace       used 49765K, committed 50688K, reserved 1097728K
  class space    used 5345K, committed 5760K, reserved 1048576K
}
Event: 14.297 GC heap before
{Heap before GC invocations=78 (full 5):
 PSYoungGen      total 7168K, used 6668K [0x00000000eab00000, 0x00000000eb480000, 0x0000000100000000)
  eden space 5632K, 100% used [0x00000000eab00000,0x00000000eb080000,0x00000000eb080000)
  from space 1536K, 67% used [0x00000000eb080000,0x00000000eb183248,0x00000000eb200000)
  to   space 1536K, 0% used [0x00000000eb300000,0x00000000eb300000,0x00000000eb480000)
 ParOldGen       total 148992K, used 118996K [0x00000000c0000000, 0x00000000c9180000, 0x00000000eab00000)
  object space 148992K, 79% used [0x00000000c0000000,0x00000000c74351b0,0x00000000c9180000)
 Metaspace       used 50039K, committed 50944K, reserved 1097728K
  class space    used 5374K, committed 5760K, reserved 1048576K
}
Event: 14.300 GC heap after
{Heap after GC invocations=78 (full 5):
 PSYoungGen      total 7680K, used 962K [0x00000000eab00000, 0x00000000eb400000, 0x0000000100000000)
  eden space 6656K, 0% used [0x00000000eab00000,0x00000000eab00000,0x00000000eb180000)
  from space 1024K, 94% used [0x00000000eb300000,0x00000000eb3f0b08,0x00000000eb400000)
  to   space 1024K, 0% used [0x00000000eb200000,0x00000000eb200000,0x00000000eb300000)
 ParOldGen       total 148992K, used 119941K [0x00000000c0000000, 0x00000000c9180000, 0x00000000eab00000)
  object space 148992K, 80% used [0x00000000c0000000,0x00000000c7521428,0x00000000c9180000)
 Metaspace       used 50039K, committed 50944K, reserved 1097728K
  class space    used 5374K, committed 5760K, reserved 1048576K
}
Event: 14.329 GC heap before
{Heap before GC invocations=79 (full 5):
 PSYoungGen      total 7680K, used 7618K [0x00000000eab00000, 0x00000000eb400000, 0x0000000100000000)
  eden space 6656K, 100% used [0x00000000eab00000,0x00000000eb180000,0x00000000eb180000)
  from space 1024K, 94% used [0x00000000eb300000,0x00000000eb3f0b08,0x00000000eb400000)
  to   space 1024K, 0% used [0x00000000eb200000,0x00000000eb200000,0x00000000eb300000)
 ParOldGen       total 148992K, used 119941K [0x00000000c0000000, 0x00000000c9180000, 0x00000000eab00000)
  object space 148992K, 80% used [0x00000000c0000000,0x00000000c7521428,0x00000000c9180000)
 Metaspace       used 50313K, committed 51264K, reserved 1097728K
  class space    used 5403K, committed 5824K, reserved 1048576K
}
Event: 14.334 GC heap after
{Heap after GC invocations=79 (full 5):
 PSYoungGen      total 8192K, used 1011K [0x00000000eab00000, 0x00000000eb780000, 0x0000000100000000)
  eden space 7168K, 0% used [0x00000000eab00000,0x00000000eab00000,0x00000000eb200000)
  from space 1024K, 98% used [0x00000000eb200000,0x00000000eb2fcfa0,0x00000000eb300000)
  to   space 2560K, 0% used [0x00000000eb500000,0x00000000eb500000,0x00000000eb780000)
 ParOldGen       total 148992K, used 121161K [0x00000000c0000000, 0x00000000c9180000, 0x00000000eab00000)
  object space 148992K, 81% used [0x00000000c0000000,0x00000000c7652440,0x00000000c9180000)
 Metaspace       used 50313K, committed 51264K, reserved 1097728K
  class space    used 5403K, committed 5824K, reserved 1048576K
}
Event: 14.373 GC heap before
{Heap before GC invocations=80 (full 5):
 PSYoungGen      total 8192K, used 8179K [0x00000000eab00000, 0x00000000eb780000, 0x0000000100000000)
  eden space 7168K, 100% used [0x00000000eab00000,0x00000000eb200000,0x00000000eb200000)
  from space 1024K, 98% used [0x00000000eb200000,0x00000000eb2fcfa0,0x00000000eb300000)
  to   space 2560K, 0% used [0x00000000eb500000,0x00000000eb500000,0x00000000eb780000)
 ParOldGen       total 148992K, used 121161K [0x00000000c0000000, 0x00000000c9180000, 0x00000000eab00000)
  object space 148992K, 81% used [0x00000000c0000000,0x00000000c7652440,0x00000000c9180000)
 Metaspace       used 50376K, committed 51328K, reserved 1097728K
  class space    used 5406K, committed 5824K, reserved 1048576K
}
Event: 14.376 GC heap after
{Heap after GC invocations=80 (full 5):
 PSYoungGen      total 10240K, used 1627K [0x00000000eab00000, 0x00000000eb700000, 0x0000000100000000)
  eden space 8192K, 0% used [0x00000000eab00000,0x00000000eab00000,0x00000000eb300000)
  from space 2048K, 79% used [0x00000000eb500000,0x00000000eb696e10,0x00000000eb700000)
  to   space 2048K, 0% used [0x00000000eb300000,0x00000000eb300000,0x00000000eb500000)
 ParOldGen       total 148992K, used 122123K [0x00000000c0000000, 0x00000000c9180000, 0x00000000eab00000)
  object space 148992K, 81% used [0x00000000c0000000,0x00000000c7742f30,0x00000000c9180000)
 Metaspace       used 50376K, committed 51328K, reserved 1097728K
  class space    used 5406K, committed 5824K, reserved 1048576K
}
Event: 14.412 GC heap before
{Heap before GC invocations=81 (full 5):
 PSYoungGen      total 10240K, used 9819K [0x00000000eab00000, 0x00000000eb700000, 0x0000000100000000)
  eden space 8192K, 100% used [0x00000000eab00000,0x00000000eb300000,0x00000000eb300000)
  from space 2048K, 79% used [0x00000000eb500000,0x00000000eb696e10,0x00000000eb700000)
  to   space 2048K, 0% used [0x00000000eb300000,0x00000000eb300000,0x00000000eb500000)
 ParOldGen       total 148992K, used 122123K [0x00000000c0000000, 0x00000000c9180000, 0x00000000eab00000)
  object space 148992K, 81% used [0x00000000c0000000,0x00000000c7742f30,0x00000000c9180000)
 Metaspace       used 50616K, committed 51584K, reserved 1097728K
  class space    used 5448K, committed 5888K, reserved 1048576K
}
Event: 14.416 GC heap after
{Heap after GC invocations=81 (full 5):
 PSYoungGen      total 10240K, used 1640K [0x00000000eab00000, 0x00000000eb700000, 0x0000000100000000)
  eden space 8192K, 0% used [0x00000000eab00000,0x00000000eab00000,0x00000000eb300000)
  from space 2048K, 80% used [0x00000000eb300000,0x00000000eb49a128,0x00000000eb500000)
  to   space 2048K, 0% used [0x00000000eb500000,0x00000000eb500000,0x00000000eb700000)
 ParOldGen       total 148992K, used 123667K [0x00000000c0000000, 0x00000000c9180000, 0x00000000eab00000)
  object space 148992K, 83% used [0x00000000c0000000,0x00000000c78c4f38,0x00000000c9180000)
 Metaspace       used 50616K, committed 51584K, reserved 1097728K
  class space    used 5448K, committed 5888K, reserved 1048576K
}
Event: 14.453 GC heap before
{Heap before GC invocations=82 (full 5):
 PSYoungGen      total 10240K, used 9832K [0x00000000eab00000, 0x00000000eb700000, 0x0000000100000000)
  eden space 8192K, 100% used [0x00000000eab00000,0x00000000eb300000,0x00000000eb300000)
  from space 2048K, 80% used [0x00000000eb300000,0x00000000eb49a128,0x00000000eb500000)
  to   space 2048K, 0% used [0x00000000eb500000,0x00000000eb500000,0x00000000eb700000)
 ParOldGen       total 148992K, used 123667K [0x00000000c0000000, 0x00000000c9180000, 0x00000000eab00000)
  object space 148992K, 83% used [0x00000000c0000000,0x00000000c78c4f38,0x00000000c9180000)
 Metaspace       used 51004K, committed 51968K, reserved 1097728K
  class space    used 5460K, committed 5888K, reserved 1048576K
}
Event: 14.459 GC heap after
{Heap after GC invocations=82 (full 5):
 PSYoungGen      total 10240K, used 1793K [0x00000000eab00000, 0x00000000eb880000, 0x0000000100000000)
  eden space 8192K, 0% used [0x00000000eab00000,0x00000000eab00000,0x00000000eb300000)
  from space 2048K, 87% used [0x00000000eb500000,0x00000000eb6c0490,0x00000000eb700000)
  to   space 2048K, 0% used [0x00000000eb300000,0x00000000eb300000,0x00000000eb500000)
 ParOldGen       total 148992K, used 125246K [0x00000000c0000000, 0x00000000c9180000, 0x00000000eab00000)
  object space 148992K, 84% used [0x00000000c0000000,0x00000000c7a4fad0,0x00000000c9180000)
 Metaspace       used 51004K, committed 51968K, reserved 1097728K
  class space    used 5460K, committed 5888K, reserved 1048576K
}
Event: 14.495 GC heap before
{Heap before GC invocations=83 (full 5):
 PSYoungGen      total 10240K, used 9985K [0x00000000eab00000, 0x00000000eb880000, 0x0000000100000000)
  eden space 8192K, 100% used [0x00000000eab00000,0x00000000eb300000,0x00000000eb300000)
  from space 2048K, 87% used [0x00000000eb500000,0x00000000eb6c0490,0x00000000eb700000)
  to   space 2048K, 0% used [0x00000000eb300000,0x00000000eb300000,0x00000000eb500000)
 ParOldGen       total 148992K, used 125246K [0x00000000c0000000, 0x00000000c9180000, 0x00000000eab00000)
  object space 148992K, 84% used [0x00000000c0000000,0x00000000c7a4fad0,0x00000000c9180000)
 Metaspace       used 51017K, committed 51968K, reserved 1097728K
  class space    used 5460K, committed 5888K, reserved 1048576K
}
Event: 14.499 GC heap after
{Heap after GC invocations=83 (full 5):
 PSYoungGen      total 10240K, used 2026K [0x00000000eab00000, 0x00000000eb800000, 0x0000000100000000)
  eden space 8192K, 0% used [0x00000000eab00000,0x00000000eab00000,0x00000000eb300000)
  from space 2048K, 98% used [0x00000000eb300000,0x00000000eb4fab38,0x00000000eb500000)
  to   space 2560K, 0% used [0x00000000eb580000,0x00000000eb580000,0x00000000eb800000)
 ParOldGen       total 148992K, used 126982K [0x00000000c0000000, 0x00000000c9180000, 0x00000000eab00000)
  object space 148992K, 85% used [0x00000000c0000000,0x00000000c7c01a00,0x00000000c9180000)
 Metaspace       used 51017K, committed 51968K, reserved 1097728K
  class space    used 5460K, committed 5888K, reserved 1048576K
}
Event: 14.539 GC heap before
{Heap before GC invocations=84 (full 5):
 PSYoungGen      total 10240K, used 10218K [0x00000000eab00000, 0x00000000eb800000, 0x0000000100000000)
  eden space 8192K, 100% used [0x00000000eab00000,0x00000000eb300000,0x00000000eb300000)
  from space 2048K, 98% used [0x00000000eb300000,0x00000000eb4fab38,0x00000000eb500000)
  to   space 2560K, 0% used [0x00000000eb580000,0x00000000eb580000,0x00000000eb800000)
 ParOldGen       total 148992K, used 126982K [0x00000000c0000000, 0x00000000c9180000, 0x00000000eab00000)
  object space 148992K, 85% used [0x00000000c0000000,0x00000000c7c01a00,0x00000000c9180000)
 Metaspace       used 51086K, committed 52032K, reserved 1097728K
  class space    used 5466K, committed 5888K, reserved 1048576K
}
Event: 14.543 GC heap after
{Heap after GC invocations=84 (full 5):
 PSYoungGen      total 10240K, used 1726K [0x00000000eab00000, 0x00000000eb780000, 0x0000000100000000)
  eden space 8192K, 0% used [0x00000000eab00000,0x00000000eab00000,0x00000000eb300000)
  from space 2048K, 84% used [0x00000000eb580000,0x00000000eb72fae0,0x00000000eb780000)
  to   space 2048K, 0% used [0x00000000eb300000,0x00000000eb300000,0x00000000eb500000)
 ParOldGen       total 148992K, used 128884K [0x00000000c0000000, 0x00000000c9180000, 0x00000000eab00000)
  object space 148992K, 86% used [0x00000000c0000000,0x00000000c7ddd320,0x00000000c9180000)
 Metaspace       used 51086K, committed 52032K, reserved 1097728K
  class space    used 5466K, committed 5888K, reserved 1048576K
}
Event: 14.579 GC heap before
{Heap before GC invocations=85 (full 5):
 PSYoungGen      total 10240K, used 9918K [0x00000000eab00000, 0x00000000eb780000, 0x0000000100000000)
  eden space 8192K, 100% used [0x00000000eab00000,0x00000000eb300000,0x00000000eb300000)
  from space 2048K, 84% used [0x00000000eb580000,0x00000000eb72fae0,0x00000000eb780000)
  to   space 2048K, 0% used [0x00000000eb300000,0x00000000eb300000,0x00000000eb500000)
 ParOldGen       total 148992K, used 128884K [0x00000000c0000000, 0x00000000c9180000, 0x00000000eab00000)
  object space 148992K, 86% used [0x00000000c0000000,0x00000000c7ddd320,0x00000000c9180000)
 Metaspace       used 51130K, committed 52032K, reserved 1097728K
  class space    used 5477K, committed 5888K, reserved 1048576K
}
Event: 14.583 GC heap after
{Heap after GC invocations=85 (full 5):
 PSYoungGen      total 10240K, used 1509K [0x00000000eab00000, 0x00000000eb700000, 0x0000000100000000)
  eden space 8192K, 0% used [0x00000000eab00000,0x00000000eab00000,0x00000000eb300000)
  from space 2048K, 73% used [0x00000000eb300000,0x00000000eb479638,0x00000000eb500000)
  to   space 2048K, 0% used [0x00000000eb500000,0x00000000eb500000,0x00000000eb700000)
 ParOldGen       total 148992K, used 130508K [0x00000000c0000000, 0x00000000c9180000, 0x00000000eab00000)
  object space 148992K, 87% used [0x00000000c0000000,0x00000000c7f733b8,0x00000000c9180000)
 Metaspace       used 51130K, committed 52032K, reserved 1097728K
  class space    used 5477K, committed 5888K, reserved 1048576K
}

